0: n8.cluster
0: /home/deokhk/research/MultiQA/model/DPR
0: Thu Oct  7 17:14:39 KST 2021
Thu Oct  7 17:14:39 KST 2021
/home/deokhk/anaconda3/envs/multiqa/lib/python3.8/site-packages/torch/distributed/launch.py:163: DeprecationWarning: The 'warn' method is deprecated, use 'warning' instead
  logger.warn(
The module torch.distributed.launch is deprecated and going to be removed in future.Migrate to torch.distributed.run
WARNING:torch.distributed.run:--use_env is deprecated and will be removed in future releases.
 Please read local_rank from `os.environ('LOCAL_RANK')` instead.
INFO:torch.distributed.launcher.api:Starting elastic_operator with launch configs:
  entrypoint       : train_dense_encoder.py
  min_nodes        : 1
  max_nodes        : 1
  nproc_per_node   : 2
  run_id           : none
  rdzv_backend     : static
  rdzv_endpoint    : 127.0.0.1:29500
  rdzv_configs     : {'rank': 0, 'timeout': 900}
  max_restarts     : 3
  monitor_interval : 5
  log_dir          : None
  metrics_cfg      : {}

INFO:torch.distributed.elastic.agent.server.local_elastic_agent:log directory set to: /tmp/torchelastic_3fn1dosl/none__dvy1x0_
INFO:torch.distributed.elastic.agent.server.api:[default] starting workers for entrypoint: python
INFO:torch.distributed.elastic.agent.server.api:[default] Rendezvous'ing worker group
/home/deokhk/anaconda3/envs/multiqa/lib/python3.8/site-packages/torch/distributed/elastic/utils/store.py:52: FutureWarning: This is an experimental API and will be changed in future.
  warnings.warn(
INFO:torch.distributed.elastic.agent.server.api:[default] Rendezvous complete for workers. Result:
  restart_count=0
  master_addr=127.0.0.1
  master_port=29500
  group_rank=0
  group_world_size=1
  local_ranks=[0, 1]
  role_ranks=[0, 1]
  global_ranks=[0, 1]
  role_world_sizes=[2, 2]
  global_world_sizes=[2, 2]

INFO:torch.distributed.elastic.agent.server.api:[default] Starting worker group
INFO:torch.distributed.elastic.multiprocessing:Setting worker0 reply file to: /tmp/torchelastic_3fn1dosl/none__dvy1x0_/attempt_0/0/error.json
INFO:torch.distributed.elastic.multiprocessing:Setting worker1 reply file to: /tmp/torchelastic_3fn1dosl/none__dvy1x0_/attempt_0/1/error.json
